Line 38: Class SHDocVwCtl.WebBrowser of control WebBrowser1 was not a loaded control class.
Line 64: Class WMPLibCtl.WindowsMediaPlayer of control WindowsMediaPlayer1 was not a loaded control class.
Line 44: The property name ExtentX in WebBrowser1 is invalid.
Line 45: The property name ExtentY in WebBrowser1 is invalid.
Line 46: The property name ViewMode in WebBrowser1 is invalid.
Line 47: The property name Offline in WebBrowser1 is invalid.
Line 48: The property name Silent in WebBrowser1 is invalid.
Line 49: The property name RegisterAsBrowser in WebBrowser1 is invalid.
Line 50: The property name RegisterAsDropTarget in WebBrowser1 is invalid.
Line 51: The property name AutoArrange in WebBrowser1 is invalid.
Line 52: The property name NoClientEdge in WebBrowser1 is invalid.
Line 53: The property name AlignLeft in WebBrowser1 is invalid.
Line 54: The property name NoWebView in WebBrowser1 is invalid.
Line 55: The property name HideFileNames in WebBrowser1 is invalid.
Line 56: The property name SingleClick in WebBrowser1 is invalid.
Line 57: The property name SingleSelection in WebBrowser1 is invalid.
Line 58: The property name NoFolders in WebBrowser1 is invalid.
Line 59: The property name Transparent in WebBrowser1 is invalid.
Line 60: The property name ViewID in WebBrowser1 is invalid.
Line 61: The property name Location in WebBrowser1 is invalid.
Line 71: The property name URL in WindowsMediaPlayer1 is invalid.
Line 72: The property name rate in WindowsMediaPlayer1 is invalid.
Line 73: The property name balance in WindowsMediaPlayer1 is invalid.
Line 74: The property name currentPosition in WindowsMediaPlayer1 is invalid.
Line 75: The property name defaultFrame in WindowsMediaPlayer1 is invalid.
Line 76: The property name playCount in WindowsMediaPlayer1 is invalid.
Line 77: The property name autoStart in WindowsMediaPlayer1 is invalid.
Line 78: The property name currentMarker in WindowsMediaPlayer1 is invalid.
Line 79: The property name invokeURLs in WindowsMediaPlayer1 is invalid.
Line 80: The property name baseURL in WindowsMediaPlayer1 is invalid.
Line 81: The property name volume in WindowsMediaPlayer1 is invalid.
Line 82: The property name mute in WindowsMediaPlayer1 is invalid.
Line 83: The property name uiMode in WindowsMediaPlayer1 is invalid.
Line 84: The property name stretchToFit in WindowsMediaPlayer1 is invalid.
Line 85: The property name windowlessVideo in WindowsMediaPlayer1 is invalid.
Line 87: The property name enableContextMenu in WindowsMediaPlayer1 is invalid.
Line 88: The property name fullScreen in WindowsMediaPlayer1 is invalid.
Line 89: The property name SAMIStyle in WindowsMediaPlayer1 is invalid.
Line 90: The property name SAMILang in WindowsMediaPlayer1 is invalid.
Line 91: The property name SAMIFilename in WindowsMediaPlayer1 is invalid.
Line 92: The property name captioningID in WindowsMediaPlayer1 is invalid.
Line 93: The property name enableErrorDialogs in WindowsMediaPlayer1 is invalid.
Line 94: The property name _cx in WindowsMediaPlayer1 is invalid.
Line 95: The property name _cy in WindowsMediaPlayer1 is invalid.
